# JRE version: Java(TM) SE Runtime Environment (21.0.1+12) (build 21.0.1+12-LTS-29)
# Java VM: Java HotSpot(TM) 64-Bit Server VM (21.0.1+12-LTS-29, mixed mode, sharing, tiered, compressed oops, compressed class ptrs, g1 gc, windows-amd64)
GC Precious Log:
 CardTable entry size: 512
 Card Set container configuration: InlinePtr #cards 4 size 8 Array Of Cards #cards 16 size 48 Howl #buckets 8 coarsen threshold 3686 Howl Bitmap #cards 512 size 80 coarsen threshold 460 Card regions per heap region 1 cards per card region 4096
 CPUs: 12 total, 12 available
 Memory: 16105M
 Large Page Support: Disabled
 NUMA Support: Disabled
 Compressed Oops: Enabled (Zero based)
 Heap Region Size: 2M
 Heap Min Capacity: 8M
 Heap Initial Capacity: 252M
 Heap Max Capacity: 4028M
 Pre-touch: Disabled
 Parallel Workers: 10
 Concurrent Workers: 3
 Concurrent Refinement Workers: 10
 Periodic GC: Disabled
Heap:
 garbage-first heap   total 258048K, used 182501K [0x0000000704400000, 0x0000000800000000)
  region size 2048K, 75 young (153600K), 4 survivors (8192K)
 Metaspace       used 9750K, committed 9984K, reserved 1114112K
  class space    used 968K, committed 1088K, reserved 1048576K
GC Heap History (8 events):
Event: 7.292 GC heap before
{Heap before GC invocations=0 (full 0):
 garbage-first heap   total 258048K, used 22528K [0x0000000704400000, 0x0000000800000000)
  region size 2048K, 11 young (22528K), 0 survivors (0K)
 Metaspace       used 7519K, committed 7680K, reserved 1114112K
  class space    used 741K, committed 832K, reserved 1048576K
}
Event: 7.295 GC heap after
{Heap after GC invocations=1 (full 0):
 garbage-first heap   total 258048K, used 4096K [0x0000000704400000, 0x0000000800000000)
  region size 2048K, 2 young (4096K), 2 survivors (4096K)
 Metaspace       used 7519K, committed 7680K, reserved 1114112K
  class space    used 741K, committed 832K, reserved 1048576K
}
Event: 7.367 GC heap before
{Heap before GC invocations=1 (full 0):
 garbage-first heap   total 258048K, used 36864K [0x0000000704400000, 0x0000000800000000)
  region size 2048K, 18 young (36864K), 2 survivors (4096K)
 Metaspace       used 7551K, committed 7744K, reserved 1114112K
  class space    used 741K, committed 832K, reserved 1048576K
}
Event: 7.369 GC heap after
{Heap after GC invocations=2 (full 0):
 garbage-first heap   total 258048K, used 4516K [0x0000000704400000, 0x0000000800000000)
  region size 2048K, 1 young (2048K), 1 survivors (2048K)
 Metaspace       used 7551K, committed 7744K, reserved 1114112K
  class space    used 741K, committed 832K, reserved 1048576K
}
Event: 7.629 GC heap before
{Heap before GC invocations=2 (full 0):
 garbage-first heap   total 258048K, used 156068K [0x0000000704400000, 0x0000000800000000)
  region size 2048K, 75 young (153600K), 1 survivors (2048K)
 Metaspace       used 7569K, committed 7744K, reserved 1114112K
  class space    used 741K, committed 832K, reserved 1048576K
}
Event: 7.630 GC heap after
{Heap after GC invocations=3 (full 0):
 garbage-first heap   total 258048K, used 4127K [0x0000000704400000, 0x0000000800000000)
  region size 2048K, 1 young (2048K), 1 survivors (2048K)
 Metaspace       used 7569K, committed 7744K, reserved 1114112K
  class space    used 741K, committed 832K, reserved 1048576K
}
Event: 10.175 GC heap before
{Heap before GC invocations=3 (full 0):
 garbage-first heap   total 258048K, used 161823K [0x0000000704400000, 0x0000000800000000)
  region size 2048K, 75 young (153600K), 1 survivors (2048K)
 Metaspace       used 9576K, committed 9856K, reserved 1114112K
  class space    used 958K, committed 1088K, reserved 1048576K
}
Event: 10.179 GC heap after
{Heap after GC invocations=4 (full 0):
 garbage-first heap   total 258048K, used 14565K [0x0000000704400000, 0x0000000800000000)
  region size 2048K, 4 young (8192K), 4 survivors (8192K)
 Metaspace       used 9576K, committed 9856K, reserved 1114112K
  class space    used 958K, committed 1088K, reserved 1048576K
}

