# JRE version: OpenJDK Runtime Environment Zulu21.38+21-CA (21.0.5+11) (build 21.0.5+11-LTS)
# Java VM: OpenJDK 64-Bit Server VM Zulu21.38+21-CA (21.0.5+11-LTS, mixed mode, sharing, tiered, compressed oops, compressed class ptrs, g1 gc, windows-amd64)
GC Precious Log:
 CardTable entry size: 512
 Card Set container configuration: InlinePtr #cards 4 size 8 Array Of Cards #cards 16 size 48 Howl #buckets 8 coarsen threshold 3686 Howl Bitmap #cards 512 size 80 coarsen threshold 460 Card regions per heap region 1 cards per card region 4096
 CPUs: 12 total, 12 available
 Memory: 16105M
 Large Page Support: Disabled
 NUMA Support: Disabled
 Compressed Oops: Enabled (Zero based)
 Heap Region Size: 2M
 Heap Min Capacity: 8M
 Heap Initial Capacity: 252M
 Heap Max Capacity: 4028M
 Pre-touch: Disabled
 Parallel Workers: 10
 Concurrent Workers: 3
 Concurrent Refinement Workers: 10
 Periodic GC: Disabled
Heap:
 garbage-first heap   total 309248K, used 165241K [0x0000000704400000, 0x0000000800000000)
  region size 2048K, 38 young (77824K), 11 survivors (22528K)
 Metaspace       used 12875K, committed 13056K, reserved 1114112K
  class space    used 1514K, committed 1600K, reserved 1048576K
GC Heap History (14 events):
Event: 0.450 GC heap before
{Heap before GC invocations=0 (full 0):
 garbage-first heap   total 258048K, used 20480K [0x0000000704400000, 0x0000000800000000)
  region size 2048K, 11 young (22528K), 0 survivors (0K)
 Metaspace       used 6969K, committed 7168K, reserved 1114112K
  class space    used 903K, committed 960K, reserved 1048576K
}
Event: 0.453 GC heap after
{Heap after GC invocations=1 (full 0):
 garbage-first heap   total 258048K, used 6773K [0x0000000704400000, 0x0000000800000000)
  region size 2048K, 2 young (4096K), 2 survivors (4096K)
 Metaspace       used 6969K, committed 7168K, reserved 1114112K
  class space    used 903K, committed 960K, reserved 1048576K
}
Event: 12.537 GC heap before
{Heap before GC invocations=1 (full 0):
 garbage-first heap   total 258048K, used 27253K [0x0000000704400000, 0x0000000800000000)
  region size 2048K, 13 young (26624K), 2 survivors (4096K)
 Metaspace       used 9986K, committed 10240K, reserved 1114112K
  class space    used 1197K, committed 1280K, reserved 1048576K
}
Event: 12.540 GC heap after
{Heap after GC invocations=2 (full 0):
 garbage-first heap   total 258048K, used 8469K [0x0000000704400000, 0x0000000800000000)
  region size 2048K, 1 young (2048K), 1 survivors (2048K)
 Metaspace       used 9986K, committed 10240K, reserved 1114112K
  class space    used 1197K, committed 1280K, reserved 1048576K
}
Event: 12.733 GC heap before
{Heap before GC invocations=2 (full 0):
 garbage-first heap   total 258048K, used 78101K [0x0000000704400000, 0x0000000800000000)
  region size 2048K, 35 young (71680K), 1 survivors (2048K)
 Metaspace       used 10021K, committed 10240K, reserved 1114112K
  class space    used 1197K, committed 1280K, reserved 1048576K
}
Event: 12.735 GC heap after
{Heap after GC invocations=3 (full 0):
 garbage-first heap   total 258048K, used 9032K [0x0000000704400000, 0x0000000800000000)
  region size 2048K, 2 young (4096K), 2 survivors (4096K)
 Metaspace       used 10021K, committed 10240K, reserved 1114112K
  class space    used 1197K, committed 1280K, reserved 1048576K
}
Event: 13.043 GC heap before
{Heap before GC invocations=3 (full 0):
 garbage-first heap   total 258048K, used 160584K [0x0000000704400000, 0x0000000800000000)
  region size 2048K, 75 young (153600K), 2 survivors (4096K)
 Metaspace       used 10097K, committed 10304K, reserved 1114112K
  class space    used 1197K, committed 1280K, reserved 1048576K
}
Event: 13.044 GC heap after
{Heap after GC invocations=4 (full 0):
 garbage-first heap   total 258048K, used 11053K [0x0000000704400000, 0x0000000800000000)
  region size 2048K, 2 young (4096K), 2 survivors (4096K)
 Metaspace       used 10097K, committed 10304K, reserved 1114112K
  class space    used 1197K, committed 1280K, reserved 1048576K
}
Event: 13.952 GC heap before
{Heap before GC invocations=4 (full 0):
 garbage-first heap   total 258048K, used 164653K [0x0000000704400000, 0x0000000800000000)
  region size 2048K, 75 young (153600K), 2 survivors (4096K)
 Metaspace       used 11698K, committed 11904K, reserved 1114112K
  class space    used 1405K, committed 1472K, reserved 1048576K
}
Event: 13.954 GC heap after
{Heap after GC invocations=5 (full 0):
 garbage-first heap   total 258048K, used 15038K [0x0000000704400000, 0x0000000800000000)
  region size 2048K, 2 young (4096K), 2 survivors (4096K)
 Metaspace       used 11698K, committed 11904K, reserved 1114112K
  class space    used 1405K, committed 1472K, reserved 1048576K
}
Event: 20.458 GC heap before
{Heap before GC invocations=5 (full 0):
 garbage-first heap   total 258048K, used 205502K [0x0000000704400000, 0x0000000800000000)
  region size 2048K, 75 young (153600K), 2 survivors (4096K)
 Metaspace       used 12192K, committed 12416K, reserved 1114112K
  class space    used 1424K, committed 1536K, reserved 1048576K
}
Event: 20.473 GC heap after
{Heap after GC invocations=6 (full 0):
 garbage-first heap   total 258048K, used 56779K [0x0000000704400000, 0x0000000800000000)
  region size 2048K, 10 young (20480K), 10 survivors (20480K)
 Metaspace       used 12192K, committed 12416K, reserved 1114112K
  class space    used 1424K, committed 1536K, reserved 1048576K
}
Event: 27.992 GC heap before
{Heap before GC invocations=6 (full 0):
 garbage-first heap   total 303104K, used 261579K [0x0000000704400000, 0x0000000800000000)
  region size 2048K, 88 young (180224K), 10 survivors (20480K)
 Metaspace       used 12203K, committed 12416K, reserved 1114112K
  class space    used 1424K, committed 1536K, reserved 1048576K
}
Event: 28.012 GC heap after
{Heap after GC invocations=7 (full 0):
 garbage-first heap   total 309248K, used 105849K [0x0000000704400000, 0x0000000800000000)
  region size 2048K, 11 young (22528K), 11 survivors (22528K)
 Metaspace       used 12203K, committed 12416K, reserved 1114112K
  class space    used 1424K, committed 1536K, reserved 1048576K
}

