# JRE version: OpenJDK Runtime Environment Zulu21.38+21-CA (21.0.5+11) (build 21.0.5+11-LTS)
# Java VM: OpenJDK 64-Bit Server VM Zulu21.38+21-CA (21.0.5+11-LTS, mixed mode, sharing, tiered, compressed oops, compressed class ptrs, g1 gc, windows-amd64)
GC Precious Log:
 CardTable entry size: 512
 Card Set container configuration: InlinePtr #cards 4 size 8 Array Of Cards #cards 16 size 48 Howl #buckets 8 coarsen threshold 3686 Howl Bitmap #cards 512 size 80 coarsen threshold 460 Card regions per heap region 1 cards per card region 4096
 CPUs: 12 total, 12 available
 Memory: 16105M
 Large Page Support: Disabled
 NUMA Support: Disabled
 Compressed Oops: Enabled (Zero based)
 Heap Region Size: 2M
 Heap Min Capacity: 8M
 Heap Initial Capacity: 252M
 Heap Max Capacity: 4028M
 Pre-touch: Disabled
 Parallel Workers: 10
 Concurrent Workers: 3
 Concurrent Refinement Workers: 10
 Periodic GC: Disabled
Heap:
 garbage-first heap   total 258048K, used 203310K [0x0000000704400000, 0x0000000800000000)
  region size 2048K, 48 young (98304K), 10 survivors (20480K)
 Metaspace       used 12828K, committed 13120K, reserved 1114112K
  class space    used 1506K, committed 1664K, reserved 1048576K
GC Heap History (14 events):
Event: 0.457 GC heap before
{Heap before GC invocations=0 (full 0):
 garbage-first heap   total 258048K, used 20480K [0x0000000704400000, 0x0000000800000000)
  region size 2048K, 11 young (22528K), 0 survivors (0K)
 Metaspace       used 6962K, committed 7168K, reserved 1114112K
  class space    used 903K, committed 960K, reserved 1048576K
}
Event: 0.461 GC heap after
{Heap after GC invocations=1 (full 0):
 garbage-first heap   total 258048K, used 6597K [0x0000000704400000, 0x0000000800000000)
  region size 2048K, 2 young (4096K), 2 survivors (4096K)
 Metaspace       used 6962K, committed 7168K, reserved 1114112K
  class space    used 903K, committed 960K, reserved 1048576K
}
Event: 14.895 GC heap before
{Heap before GC invocations=1 (full 0):
 garbage-first heap   total 258048K, used 29125K [0x0000000704400000, 0x0000000800000000)
  region size 2048K, 13 young (26624K), 2 survivors (4096K)
 Metaspace       used 9997K, committed 10304K, reserved 1114112K
  class space    used 1198K, committed 1344K, reserved 1048576K
}
Event: 14.897 GC heap after
{Heap after GC invocations=2 (full 0):
 garbage-first heap   total 258048K, used 8838K [0x0000000704400000, 0x0000000800000000)
  region size 2048K, 1 young (2048K), 1 survivors (2048K)
 Metaspace       used 9997K, committed 10304K, reserved 1114112K
  class space    used 1198K, committed 1344K, reserved 1048576K
}
Event: 15.080 GC heap before
{Heap before GC invocations=2 (full 0):
 garbage-first heap   total 258048K, used 78470K [0x0000000704400000, 0x0000000800000000)
  region size 2048K, 35 young (71680K), 1 survivors (2048K)
 Metaspace       used 10026K, committed 10304K, reserved 1114112K
  class space    used 1198K, committed 1344K, reserved 1048576K
}
Event: 15.081 GC heap after
{Heap after GC invocations=3 (full 0):
 garbage-first heap   total 258048K, used 9495K [0x0000000704400000, 0x0000000800000000)
  region size 2048K, 2 young (4096K), 2 survivors (4096K)
 Metaspace       used 10026K, committed 10304K, reserved 1114112K
  class space    used 1198K, committed 1344K, reserved 1048576K
}
Event: 15.378 GC heap before
{Heap before GC invocations=3 (full 0):
 garbage-first heap   total 258048K, used 161047K [0x0000000704400000, 0x0000000800000000)
  region size 2048K, 75 young (153600K), 2 survivors (4096K)
 Metaspace       used 10107K, committed 10368K, reserved 1114112K
  class space    used 1198K, committed 1344K, reserved 1048576K
}
Event: 15.380 GC heap after
{Heap after GC invocations=4 (full 0):
 garbage-first heap   total 258048K, used 11329K [0x0000000704400000, 0x0000000800000000)
  region size 2048K, 1 young (2048K), 1 survivors (2048K)
 Metaspace       used 10107K, committed 10368K, reserved 1114112K
  class space    used 1198K, committed 1344K, reserved 1048576K
}
Event: 15.947 GC heap before
{Heap before GC invocations=4 (full 0):
 garbage-first heap   total 258048K, used 166977K [0x0000000704400000, 0x0000000800000000)
  region size 2048K, 75 young (153600K), 1 survivors (2048K)
 Metaspace       used 11904K, committed 12160K, reserved 1114112K
  class space    used 1412K, committed 1536K, reserved 1048576K
}
Event: 15.949 GC heap after
{Heap after GC invocations=5 (full 0):
 garbage-first heap   total 258048K, used 14938K [0x0000000704400000, 0x0000000800000000)
  region size 2048K, 2 young (4096K), 2 survivors (4096K)
 Metaspace       used 11904K, committed 12160K, reserved 1114112K
  class space    used 1412K, committed 1536K, reserved 1048576K
}
Event: 21.837 GC heap before
{Heap before GC invocations=5 (full 0):
 garbage-first heap   total 258048K, used 205402K [0x0000000704400000, 0x0000000800000000)
  region size 2048K, 75 young (153600K), 2 survivors (4096K)
 Metaspace       used 12089K, committed 12288K, reserved 1114112K
  class space    used 1415K, committed 1536K, reserved 1048576K
}
Event: 21.848 GC heap after
{Heap after GC invocations=6 (full 0):
 garbage-first heap   total 258048K, used 55554K [0x0000000704400000, 0x0000000800000000)
  region size 2048K, 10 young (20480K), 10 survivors (20480K)
 Metaspace       used 12089K, committed 12288K, reserved 1114112K
  class space    used 1415K, committed 1536K, reserved 1048576K
}
Event: 27.570 GC heap before
{Heap before GC invocations=6 (full 0):
 garbage-first heap   total 258048K, used 188674K [0x0000000704400000, 0x0000000800000000)
  region size 2048K, 75 young (153600K), 10 survivors (20480K)
 Metaspace       used 12136K, committed 12416K, reserved 1114112K
  class space    used 1415K, committed 1536K, reserved 1048576K
}
Event: 27.583 GC heap after
{Heap after GC invocations=7 (full 0):
 garbage-first heap   total 258048K, used 76334K [0x0000000704400000, 0x0000000800000000)
  region size 2048K, 10 young (20480K), 10 survivors (20480K)
 Metaspace       used 12136K, committed 12416K, reserved 1114112K
  class space    used 1415K, committed 1536K, reserved 1048576K
}

