# JRE version: OpenJDK Runtime Environment Zulu21.38+21-CA (21.0.5+11) (build 21.0.5+11-LTS)
# Java VM: OpenJDK 64-Bit Server VM Zulu21.38+21-CA (21.0.5+11-LTS, mixed mode, sharing, tiered, compressed oops, compressed class ptrs, g1 gc, windows-amd64)
GC Precious Log:
 CardTable entry size: 512
 Card Set container configuration: InlinePtr #cards 4 size 8 Array Of Cards #cards 16 size 48 Howl #buckets 8 coarsen threshold 3686 Howl Bitmap #cards 512 size 80 coarsen threshold 460 Card regions per heap region 1 cards per card region 4096
 CPUs: 12 total, 12 available
 Memory: 16105M
 Large Page Support: Disabled
 NUMA Support: Disabled
 Compressed Oops: Enabled (Zero based)
 Heap Region Size: 2M
 Heap Min Capacity: 8M
 Heap Initial Capacity: 252M
 Heap Max Capacity: 4028M
 Pre-touch: Disabled
 Parallel Workers: 10
 Concurrent Workers: 3
 Concurrent Refinement Workers: 10
 Periodic GC: Disabled
Heap:
 garbage-first heap   total 303104K, used 187950K [0x0000000704400000, 0x0000000800000000)
  region size 2048K, 51 young (104448K), 10 survivors (20480K)
 Metaspace       used 12511K, committed 12672K, reserved 1114112K
  class space    used 1441K, committed 1536K, reserved 1048576K
GC Heap History (14 events):
Event: 0.561 GC heap before
{Heap before GC invocations=0 (full 0):
 garbage-first heap   total 258048K, used 20480K [0x0000000704400000, 0x0000000800000000)
  region size 2048K, 11 young (22528K), 0 survivors (0K)
 Metaspace       used 6971K, committed 7168K, reserved 1114112K
  class space    used 902K, committed 960K, reserved 1048576K
}
Event: 0.564 GC heap after
{Heap after GC invocations=1 (full 0):
 garbage-first heap   total 258048K, used 6585K [0x0000000704400000, 0x0000000800000000)
  region size 2048K, 2 young (4096K), 2 survivors (4096K)
 Metaspace       used 6971K, committed 7168K, reserved 1114112K
  class space    used 902K, committed 960K, reserved 1048576K
}
Event: 15.498 GC heap before
{Heap before GC invocations=1 (full 0):
 garbage-first heap   total 258048K, used 27065K [0x0000000704400000, 0x0000000800000000)
  region size 2048K, 13 young (26624K), 2 survivors (4096K)
 Metaspace       used 9994K, committed 10240K, reserved 1114112K
  class space    used 1195K, committed 1280K, reserved 1048576K
}
Event: 15.502 GC heap after
{Heap after GC invocations=2 (full 0):
 garbage-first heap   total 258048K, used 8469K [0x0000000704400000, 0x0000000800000000)
  region size 2048K, 1 young (2048K), 1 survivors (2048K)
 Metaspace       used 9994K, committed 10240K, reserved 1114112K
  class space    used 1195K, committed 1280K, reserved 1048576K
}
Event: 15.712 GC heap before
{Heap before GC invocations=2 (full 0):
 garbage-first heap   total 258048K, used 76053K [0x0000000704400000, 0x0000000800000000)
  region size 2048K, 34 young (69632K), 1 survivors (2048K)
 Metaspace       used 10033K, committed 10240K, reserved 1114112K
  class space    used 1195K, committed 1280K, reserved 1048576K
}
Event: 15.714 GC heap after
{Heap after GC invocations=3 (full 0):
 garbage-first heap   total 258048K, used 9035K [0x0000000704400000, 0x0000000800000000)
  region size 2048K, 2 young (4096K), 2 survivors (4096K)
 Metaspace       used 10033K, committed 10240K, reserved 1114112K
  class space    used 1195K, committed 1280K, reserved 1048576K
}
Event: 16.062 GC heap before
{Heap before GC invocations=3 (full 0):
 garbage-first heap   total 258048K, used 160587K [0x0000000704400000, 0x0000000800000000)
  region size 2048K, 75 young (153600K), 2 survivors (4096K)
 Metaspace       used 10107K, committed 10304K, reserved 1114112K
  class space    used 1195K, committed 1280K, reserved 1048576K
}
Event: 16.063 GC heap after
{Heap after GC invocations=4 (full 0):
 garbage-first heap   total 258048K, used 10897K [0x0000000704400000, 0x0000000800000000)
  region size 2048K, 2 young (4096K), 2 survivors (4096K)
 Metaspace       used 10107K, committed 10304K, reserved 1114112K
  class space    used 1195K, committed 1280K, reserved 1048576K
}
Event: 16.614 GC heap before
{Heap before GC invocations=4 (full 0):
 garbage-first heap   total 258048K, used 164497K [0x0000000704400000, 0x0000000800000000)
  region size 2048K, 75 young (153600K), 2 survivors (4096K)
 Metaspace       used 11559K, committed 11776K, reserved 1114112K
  class space    used 1390K, committed 1472K, reserved 1048576K
}
Event: 16.615 GC heap after
{Heap after GC invocations=5 (full 0):
 garbage-first heap   total 258048K, used 14379K [0x0000000704400000, 0x0000000800000000)
  region size 2048K, 2 young (4096K), 2 survivors (4096K)
 Metaspace       used 11559K, committed 11776K, reserved 1114112K
  class space    used 1390K, committed 1472K, reserved 1048576K
}
Event: 24.137 GC heap before
{Heap before GC invocations=5 (full 0):
 garbage-first heap   total 258048K, used 204843K [0x0000000704400000, 0x0000000800000000)
  region size 2048K, 75 young (153600K), 2 survivors (4096K)
 Metaspace       used 12077K, committed 12288K, reserved 1114112K
  class space    used 1411K, committed 1472K, reserved 1048576K
}
Event: 24.152 GC heap after
{Heap after GC invocations=6 (full 0):
 garbage-first heap   total 258048K, used 56586K [0x0000000704400000, 0x0000000800000000)
  region size 2048K, 10 young (20480K), 10 survivors (20480K)
 Metaspace       used 12077K, committed 12288K, reserved 1114112K
  class space    used 1411K, committed 1472K, reserved 1048576K
}
Event: 30.429 GC heap before
{Heap before GC invocations=6 (full 0):
 garbage-first heap   total 303104K, used 234762K [0x0000000704400000, 0x0000000800000000)
  region size 2048K, 75 young (153600K), 10 survivors (20480K)
 Metaspace       used 12107K, committed 12288K, reserved 1114112K
  class space    used 1411K, committed 1472K, reserved 1048576K
}
Event: 30.448 GC heap after
{Heap after GC invocations=7 (full 0):
 garbage-first heap   total 303104K, used 99886K [0x0000000704400000, 0x0000000800000000)
  region size 2048K, 10 young (20480K), 10 survivors (20480K)
 Metaspace       used 12107K, committed 12288K, reserved 1114112K
  class space    used 1411K, committed 1472K, reserved 1048576K
}

